<?xml version="1.0" encoding="UTF-8"?>
<!-- Generated by org.testng.reporters.JUnitReportReporter -->
<testsuite skipped="0" hostname="DESKTOP-NFATJD6" name="test.LoginPageTest" tests="2" failures="0" timestamp="19 Dec 2021 06:42:02 GMT" time="11.478" errors="0">
  <testcase name="loginTest" time="6.371" classname="test.LoginPageTest"/>
  <testcase name="pageTitleTest" time="5.107" classname="test.LoginPageTest"/>
</testsuite> <!-- test.LoginPageTest -->
